# JRE version: Java(TM) SE Runtime Environment (22.0.2+9) (build 22.0.2+9-70)
# Java VM: Java HotSpot(TM) 64-Bit Server VM (22.0.2+9-70, mixed mode, sharing, tiered, compressed oops, compressed class ptrs, g1 gc, windows-amd64)
GC Precious Log:
 CardTable entry size: 512
 Card Set container configuration: InlinePtr #cards 5 size 8 Array Of Cards #cards 12 size 40 Howl #buckets 4 coarsen threshold 1843 Howl Bitmap #cards 512 size 80 coarsen threshold 460 Card regions per heap region 1 cards per card region 2048
 CPUs: 12 total, 12 available
 Memory: 7583M
 Large Page Support: Disabled
 NUMA Support: Disabled
 Compressed Oops: Enabled (32-bit)
 Heap Region Size: 1M
 Heap Min Capacity: 8M
 Heap Initial Capacity: 120M
 Heap Max Capacity: 1896M
 Pre-touch: Disabled
 Parallel Workers: 10
 Concurrent Workers: 3
 Concurrent Refinement Workers: 10
 Periodic GC: Disabled
Heap:
 garbage-first heap   total reserved 1941504K, committed 122880K, used 17832K [0x0000000089800000, 0x0000000100000000)
  region size 1024K, 6 young (6144K), 5 survivors (5120K)
 Metaspace       used 17842K, committed 18240K, reserved 1114112K
  class space    used 2067K, committed 2240K, reserved 1048576K
GC Heap History (6 events):
Event: 4.167 GC heap before
{Heap before GC invocations=0 (full 0):
 garbage-first heap   total reserved 1941504K, committed 122880K, used 23552K [0x0000000089800000, 0x0000000100000000)
  region size 1024K, 24 young (24576K), 0 survivors (0K)
 Metaspace       used 5642K, committed 5824K, reserved 1114112K
  class space    used 677K, committed 768K, reserved 1048576K
}
Event: 4.186 GC heap after
{Heap after GC invocations=1 (full 0):
 garbage-first heap   total reserved 1941504K, committed 122880K, used 3767K [0x0000000089800000, 0x0000000100000000)
  region size 1024K, 3 young (3072K), 3 survivors (3072K)
 Metaspace       used 5642K, committed 5824K, reserved 1114112K
  class space    used 677K, committed 768K, reserved 1048576K
}
Event: 6.261 GC heap before
{Heap before GC invocations=1 (full 0):
 garbage-first heap   total reserved 1941504K, committed 122880K, used 34487K [0x0000000089800000, 0x0000000100000000)
  region size 1024K, 34 young (34816K), 3 survivors (3072K)
 Metaspace       used 10324K, committed 10496K, reserved 1114112K
  class space    used 1266K, committed 1344K, reserved 1048576K
}
Event: 6.280 GC heap after
{Heap after GC invocations=2 (full 0):
 garbage-first heap   total reserved 1941504K, committed 122880K, used 6163K [0x0000000089800000, 0x0000000100000000)
  region size 1024K, 3 young (3072K), 3 survivors (3072K)
 Metaspace       used 10324K, committed 10496K, reserved 1114112K
  class space    used 1266K, committed 1344K, reserved 1048576K
}
Event: 10.378 GC heap before
{Heap before GC invocations=2 (full 0):
 garbage-first heap   total reserved 1941504K, committed 122880K, used 76819K [0x0000000089800000, 0x0000000100000000)
  region size 1024K, 72 young (73728K), 3 survivors (3072K)
 Metaspace       used 15755K, committed 16000K, reserved 1114112K
  class space    used 1881K, committed 1984K, reserved 1048576K
}
Event: 10.414 GC heap after
{Heap after GC invocations=3 (full 0):
 garbage-first heap   total reserved 1941504K, committed 122880K, used 13312K [0x0000000089800000, 0x0000000100000000)
  region size 1024K, 9 young (9216K), 9 survivors (9216K)
 Metaspace       used 15755K, committed 16000K, reserved 1114112K
  class space    used 1881K, committed 1984K, reserved 1048576K
}

