# JRE version: Java(TM) SE Runtime Environment (22.0.2+9) (build 22.0.2+9-70)
# Java VM: Java HotSpot(TM) 64-Bit Server VM (22.0.2+9-70, mixed mode, sharing, tiered, compressed oops, compressed class ptrs, g1 gc, windows-amd64)
GC Precious Log:
 CardTable entry size: 512
 Card Set container configuration: InlinePtr #cards 5 size 8 Array Of Cards #cards 12 size 40 Howl #buckets 4 coarsen threshold 1843 Howl Bitmap #cards 512 size 80 coarsen threshold 460 Card regions per heap region 1 cards per card region 2048
 CPUs: 12 total, 12 available
 Memory: 7583M
 Large Page Support: Disabled
 NUMA Support: Disabled
 Compressed Oops: Enabled (32-bit)
 Heap Region Size: 1M
 Heap Min Capacity: 8M
 Heap Initial Capacity: 120M
 Heap Max Capacity: 1896M
 Pre-touch: Disabled
 Parallel Workers: 10
 Concurrent Workers: 3
 Concurrent Refinement Workers: 10
 Periodic GC: Disabled
Heap:
 garbage-first heap   total reserved 1941504K, committed 122880K, used 26006K [0x0000000089800000, 0x0000000100000000)
  region size 1024K, 22 young (22528K), 9 survivors (9216K)
 Metaspace       used 15809K, committed 16064K, reserved 1114112K
  class space    used 1881K, committed 1984K, reserved 1048576K
GC Heap History (6 events):
Event: 1.558 GC heap before
{Heap before GC invocations=0 (full 0):
 garbage-first heap   total reserved 1941504K, committed 122880K, used 23552K [0x0000000089800000, 0x0000000100000000)
  region size 1024K, 24 young (24576K), 0 survivors (0K)
 Metaspace       used 5640K, committed 5824K, reserved 1114112K
  class space    used 677K, committed 768K, reserved 1048576K
}
Event: 1.580 GC heap after
{Heap after GC invocations=1 (full 0):
 garbage-first heap   total reserved 1941504K, committed 122880K, used 3767K [0x0000000089800000, 0x0000000100000000)
  region size 1024K, 3 young (3072K), 3 survivors (3072K)
 Metaspace       used 5640K, committed 5824K, reserved 1114112K
  class space    used 677K, committed 768K, reserved 1048576K
}
Event: 2.856 GC heap before
{Heap before GC invocations=1 (full 0):
 garbage-first heap   total reserved 1941504K, committed 122880K, used 35511K [0x0000000089800000, 0x0000000100000000)
  region size 1024K, 34 young (34816K), 3 survivors (3072K)
 Metaspace       used 10311K, committed 10496K, reserved 1114112K
  class space    used 1265K, committed 1344K, reserved 1048576K
}
Event: 2.868 GC heap after
{Heap after GC invocations=2 (full 0):
 garbage-first heap   total reserved 1941504K, committed 122880K, used 6423K [0x0000000089800000, 0x0000000100000000)
  region size 1024K, 3 young (3072K), 3 survivors (3072K)
 Metaspace       used 10311K, committed 10496K, reserved 1114112K
  class space    used 1265K, committed 1344K, reserved 1048576K
}
Event: 5.560 GC heap before
{Heap before GC invocations=2 (full 0):
 garbage-first heap   total reserved 1941504K, committed 122880K, used 77079K [0x0000000089800000, 0x0000000100000000)
  region size 1024K, 72 young (73728K), 3 survivors (3072K)
 Metaspace       used 15740K, committed 16000K, reserved 1114112K
  class space    used 1881K, committed 1984K, reserved 1048576K
}
Event: 5.593 GC heap after
{Heap after GC invocations=3 (full 0):
 garbage-first heap   total reserved 1941504K, committed 122880K, used 13718K [0x0000000089800000, 0x0000000100000000)
  region size 1024K, 9 young (9216K), 9 survivors (9216K)
 Metaspace       used 15740K, committed 16000K, reserved 1114112K
  class space    used 1881K, committed 1984K, reserved 1048576K
}

